2026-02-21T20:02:37 [WARNING] __main__ rid=- RECORDER_API_KEY is not set — all API endpoints are open. Set RECORDER_API_KEY in .env to enable authentication.
2026-02-21T20:02:37 [INFO] alembic.runtime.migration rid=- Context impl SQLiteImpl.
2026-02-21T20:02:37 [INFO] alembic.runtime.migration rid=- Will assume non-transactional DDL.
2026-02-21T20:02:37 [INFO] alembic.runtime.migration rid=- Running upgrade  -> 001, Initial schema — creates tables or adds missing columns to existing DB.
2026-02-21T20:02:37 [INFO] alembic.runtime.migration rid=- Running upgrade 001 -> 002, Add FTS5 virtual table for full-text search.
2026-02-21T20:02:37 [INFO] alembic.runtime.migration rid=- Running upgrade 002 -> 003, Add failed_segments dead-letter table (Phase 5).
2026-02-21T20:02:37 [INFO] __main__ rid=- migrations.complete
2026-02-21T20:08:08 [WARNING] __main__ rid=- RECORDER_API_KEY is not set — all API endpoints are open. Set RECORDER_API_KEY in .env to enable authentication.
2026-02-21T20:08:09 [WARNING] __main__ rid=- port.in_use
2026-02-21T20:08:09 [INFO] __main__ rid=- flask.starting
2026-02-21T20:08:09 [INFO] werkzeug rid=- [31m[1mWARNING: This is a development server. Do not use it in a production deployment. Use a production WSGI server instead.[0m
 * Running on http://127.0.0.1:5001
2026-02-21T20:08:09 [INFO] werkzeug rid=- [33mPress CTRL+C to quit[0m
2026-02-21T20:08:12 [INFO] werkzeug rid=- 127.0.0.1 - - [21/Feb/2026 20:08:12] "GET / HTTP/1.1" 200 -
2026-02-21T20:08:13 [INFO] werkzeug rid=- 127.0.0.1 - - [21/Feb/2026 20:08:13] "[33mGET /favicon.ico HTTP/1.1[0m" 404 -
2026-02-21T20:09:33 [INFO] werkzeug rid=- 127.0.0.1 - - [21/Feb/2026 20:09:33] "GET / HTTP/1.1" 200 -
2026-02-21T20:09:37 [WARNING] __main__ rid=- RECORDER_API_KEY is not set — all API endpoints are open. Set RECORDER_API_KEY in .env to enable authentication.
2026-02-21T20:09:37 [WARNING] __main__ rid=- port.in_use
2026-02-21T20:09:37 [INFO] __main__ rid=- flask.starting
2026-02-21T20:09:37 [INFO] werkzeug rid=- [31m[1mWARNING: This is a development server. Do not use it in a production deployment. Use a production WSGI server instead.[0m
 * Running on http://127.0.0.1:5001
2026-02-21T20:09:37 [INFO] werkzeug rid=- [33mPress CTRL+C to quit[0m
2026-02-21T20:09:38 [INFO] werkzeug rid=- 127.0.0.1 - - [21/Feb/2026 20:09:38] "GET / HTTP/1.1" 200 -
2026-02-21T20:09:38 [INFO] werkzeug rid=88d57015-ae2e-4177-b7b5-661307f0deef 127.0.0.1 - - [21/Feb/2026 20:09:38] "GET /api/v1/health HTTP/1.1" 200 -
2026-02-21T20:09:38 [INFO] werkzeug rid=1a0f8ffa-861d-4c4c-aa15-a4027450a31e 127.0.0.1 - - [21/Feb/2026 20:09:38] "GET /api/v1/recordings/status HTTP/1.1" 200 -
2026-02-21T20:09:38 [INFO] werkzeug rid=49708006-e71c-42cc-bebd-ad2a2367b9da 127.0.0.1 - - [21/Feb/2026 20:09:38] "GET /api/v1/stream HTTP/1.1" 200 -
2026-02-21T20:09:38 [INFO] werkzeug rid=ecb30bd6-7609-45c6-b87d-927acd3677ff 127.0.0.1 - - [21/Feb/2026 20:09:38] "GET /api/v1/segments?limit=200 HTTP/1.1" 200 -
2026-02-21T20:09:49 [INFO] recorder.transcription.whisper_asr rid=d5268d81-62bc-482f-b49c-b5f9449c81dc whisper.loading
2026-02-21T20:09:50 [INFO] recorder.transcription.whisper_asr rid=d5268d81-62bc-482f-b49c-b5f9449c81dc whisper.ready
2026-02-21T20:09:50 [INFO] recorder.audio.capture rid=- audio_capture.started
2026-02-21T20:09:50 [INFO] recorder.audio.segmenter rid=- segmenter.started
2026-02-21T20:09:50 [INFO] recorder.pipeline.processor rid=- processor.started
2026-02-21T20:09:50 [INFO] recorder.pipeline.hourly rid=- hourly_worker.started
2026-02-21T20:09:50 [INFO] recorder.pipeline.processor rid=d5268d81-62bc-482f-b49c-b5f9449c81dc pipeline.started
2026-02-21T20:09:50 [INFO] recorder.api.routes.recordings rid=d5268d81-62bc-482f-b49c-b5f9449c81dc recording.started
2026-02-21T20:09:50 [INFO] werkzeug rid=d5268d81-62bc-482f-b49c-b5f9449c81dc 127.0.0.1 - - [21/Feb/2026 20:09:50] "POST /api/v1/recordings/start HTTP/1.1" 200 -
2026-02-21T20:09:50 [INFO] recorder.pipeline.hourly rid=- hourly_digest.no_content
2026-02-21T20:09:50 [INFO] recorder.pipeline.hourly rid=- hourly_digest.no_content
2026-02-21T20:09:50 [INFO] werkzeug rid=d413b49b-22a6-4973-a067-e703975b289a 127.0.0.1 - - [21/Feb/2026 20:09:50] "GET /api/v1/recordings/status HTTP/1.1" 200 -
2026-02-21T20:09:50 [INFO] recorder.pipeline.hourly rid=- hourly_digest.no_content
2026-02-21T20:09:50 [INFO] recorder.pipeline.hourly rid=- hourly_digest.no_content
2026-02-21T20:09:50 [INFO] recorder.pipeline.hourly rid=- hourly_digest.no_content
2026-02-21T20:09:50 [INFO] recorder.pipeline.hourly rid=- hourly_digest.no_content
2026-02-21T20:09:50 [INFO] recorder.audio.segmenter rid=- vad.speech_detected
2026-02-21T20:09:51 [INFO] faster_whisper rid=- Processing audio with duration 00:01.020
2026-02-21T20:09:53 [INFO] faster_whisper rid=- Processing audio with duration 00:03.030
2026-02-21T20:09:55 [INFO] faster_whisper rid=- Processing audio with duration 00:05.040
2026-02-21T20:09:57 [INFO] faster_whisper rid=- Processing audio with duration 00:07.050
2026-02-21T20:09:59 [INFO] faster_whisper rid=- Processing audio with duration 00:09.060
2026-02-21T20:10:01 [INFO] faster_whisper rid=- Processing audio with duration 00:11.070
2026-02-21T20:10:03 [INFO] faster_whisper rid=- Processing audio with duration 00:13.080
2026-02-21T20:10:07 [INFO] faster_whisper rid=- Processing audio with duration 00:13.110
2026-02-21T20:10:09 [INFO] recorder.audio.segmenter rid=- vad.silence_flush
2026-02-21T20:10:09 [INFO] recorder.audio.segmenter rid=- segment.saved
2026-02-21T20:10:09 [INFO] recorder.audio.segmenter rid=- vad.speech_detected
2026-02-21T20:10:09 [INFO] faster_whisper rid=- Processing audio with duration 00:01.020
2026-02-21T20:10:09 [INFO] recorder.pipeline.processor rid=- processor.transcribing
2026-02-21T20:10:11 [INFO] faster_whisper rid=- Processing audio with duration 00:06.270
2026-02-21T20:10:11 [INFO] recorder.audio.denoiser rid=- noise_reduction.enabled
2026-02-21T20:10:11 [INFO] faster_whisper rid=- Processing audio with duration 00:13.110
2026-02-21T20:10:13 [INFO] recorder.pipeline.processor rid=- processor.transcript
2026-02-21T20:10:13 [INFO] faster_whisper rid=- Processing audio with duration 00:08.280
2026-02-21T20:10:15 [INFO] recorder.db.repository rid=- segment.created
2026-02-21T20:10:15 [INFO] werkzeug rid=a28adf02-3f24-42fd-a55d-4b2612a3f82b 127.0.0.1 - - [21/Feb/2026 20:10:15] "GET /api/v1/segments?limit=200 HTTP/1.1" 200 -
2026-02-21T20:10:15 [INFO] faster_whisper rid=- Processing audio with duration 00:10.290
2026-02-21T20:10:17 [INFO] recorder.audio.segmenter rid=- vad.silence_flush
2026-02-21T20:10:17 [INFO] recorder.audio.segmenter rid=- segment.saved
2026-02-21T20:10:17 [INFO] recorder.pipeline.processor rid=- processor.transcribing
2026-02-21T20:10:17 [INFO] faster_whisper rid=- Processing audio with duration 00:12.210
2026-02-21T20:10:18 [INFO] recorder.pipeline.processor rid=- processor.transcript
2026-02-21T20:10:20 [INFO] recorder.db.repository rid=- segment.created
2026-02-21T20:10:20 [INFO] werkzeug rid=25bdf533-67ac-46d8-aba8-8a4695c0e403 127.0.0.1 - - [21/Feb/2026 20:10:20] "GET /api/v1/segments?limit=200 HTTP/1.1" 200 -
2026-02-21T20:10:21 [INFO] recorder.audio.segmenter rid=- vad.speech_detected
2026-02-21T20:10:22 [INFO] faster_whisper rid=- Processing audio with duration 00:01.020
2026-02-21T20:10:24 [INFO] faster_whisper rid=- Processing audio with duration 00:03.030
2026-02-21T20:10:26 [INFO] faster_whisper rid=- Processing audio with duration 00:05.040
2026-02-21T20:10:28 [INFO] recorder.audio.segmenter rid=- vad.silence_flush
2026-02-21T20:10:28 [INFO] recorder.audio.segmenter rid=- segment.saved
2026-02-21T20:10:28 [INFO] recorder.pipeline.processor rid=- processor.transcribing
2026-02-21T20:10:28 [INFO] faster_whisper rid=- Processing audio with duration 00:06.840
2026-02-21T20:10:29 [INFO] recorder.pipeline.processor rid=- processor.empty_transcript
2026-02-21T20:10:30 [INFO] recorder.audio.segmenter rid=- vad.speech_detected
2026-02-21T20:10:31 [INFO] faster_whisper rid=- Processing audio with duration 00:01.020
2026-02-21T20:10:33 [INFO] faster_whisper rid=- Processing audio with duration 00:03.030
2026-02-21T20:10:35 [INFO] faster_whisper rid=- Processing audio with duration 00:05.040
2026-02-21T20:10:37 [INFO] faster_whisper rid=- Processing audio with duration 00:07.050
2026-02-21T20:10:39 [INFO] faster_whisper rid=- Processing audio with duration 00:09.060
2026-02-21T20:10:41 [INFO] faster_whisper rid=- Processing audio with duration 00:11.070
2026-02-21T20:10:43 [INFO] faster_whisper rid=- Processing audio with duration 00:13.080
2026-02-21T20:10:45 [INFO] faster_whisper rid=- Processing audio with duration 00:15.090
2026-02-21T20:10:47 [INFO] faster_whisper rid=- Processing audio with duration 00:17.100
2026-02-21T20:10:49 [INFO] faster_whisper rid=- Processing audio with duration 00:19.110
2026-02-21T20:10:51 [INFO] faster_whisper rid=- Processing audio with duration 00:21.120
2026-02-21T20:10:53 [INFO] faster_whisper rid=- Processing audio with duration 00:23.130
2026-02-21T20:10:55 [INFO] faster_whisper rid=- Processing audio with duration 00:25.140
2026-02-21T20:10:57 [INFO] faster_whisper rid=- Processing audio with duration 00:27.150
2026-02-21T20:10:59 [INFO] faster_whisper rid=- Processing audio with duration 00:29.160
2026-02-21T20:11:01 [INFO] faster_whisper rid=- Processing audio with duration 00:31.170
2026-02-21T20:11:03 [INFO] faster_whisper rid=- Processing audio with duration 00:33.180
2026-02-21T20:11:05 [INFO] faster_whisper rid=- Processing audio with duration 00:35.190
2026-02-21T20:11:07 [INFO] faster_whisper rid=- Processing audio with duration 00:37.200
2026-02-21T20:11:09 [INFO] faster_whisper rid=- Processing audio with duration 00:39.210
2026-02-21T20:11:11 [INFO] recorder.audio.segmenter rid=- vad.silence_flush
2026-02-21T20:11:11 [INFO] recorder.audio.segmenter rid=- segment.saved
2026-02-21T20:11:11 [INFO] recorder.pipeline.processor rid=- processor.transcribing
2026-02-21T20:11:11 [INFO] faster_whisper rid=- Processing audio with duration 00:39.240
2026-02-21T20:11:12 [INFO] recorder.audio.segmenter rid=- vad.speech_detected
2026-02-21T20:11:13 [INFO] faster_whisper rid=- Processing audio with duration 00:01.020
2026-02-21T20:11:14 [INFO] recorder.pipeline.processor rid=- processor.transcript
2026-02-21T20:11:15 [INFO] faster_whisper rid=- Processing audio with duration 00:03.030
2026-02-21T20:11:16 [INFO] recorder.audio.segmenter rid=- vad.silence_flush
2026-02-21T20:11:16 [INFO] recorder.audio.segmenter rid=- segment.saved
2026-02-21T20:11:16 [INFO] recorder.audio.segmenter rid=- vad.speech_detected
2026-02-21T20:11:16 [INFO] recorder.db.repository rid=- segment.created
2026-02-21T20:11:16 [INFO] recorder.pipeline.processor rid=- processor.transcribing
2026-02-21T20:11:16 [INFO] werkzeug rid=3a011e39-f51c-43b4-a3d1-1113ba0d1623 127.0.0.1 - - [21/Feb/2026 20:11:16] "GET /api/v1/segments?limit=200 HTTP/1.1" 200 -
2026-02-21T20:11:16 [INFO] faster_whisper rid=- Processing audio with duration 00:03.060
2026-02-21T20:11:17 [INFO] faster_whisper rid=- Processing audio with duration 00:01.860
2026-02-21T20:11:17 [INFO] recorder.pipeline.processor rid=- processor.empty_transcript
2026-02-21T20:11:19 [INFO] faster_whisper rid=- Processing audio with duration 00:03.870
2026-02-21T20:11:21 [INFO] faster_whisper rid=- Processing audio with duration 00:05.880
2026-02-21T20:11:22 [INFO] recorder.audio.segmenter rid=- vad.silence_flush
2026-02-21T20:11:22 [INFO] recorder.audio.segmenter rid=- segment.saved
2026-02-21T20:11:22 [INFO] recorder.audio.segmenter rid=- vad.speech_detected
2026-02-21T20:11:22 [INFO] recorder.pipeline.processor rid=- processor.transcribing
2026-02-21T20:11:22 [INFO] faster_whisper rid=- Processing audio with duration 00:05.910
2026-02-21T20:11:23 [INFO] recorder.pipeline.processor rid=- processor.transcript
2026-02-21T20:11:23 [INFO] faster_whisper rid=- Processing audio with duration 00:01.470
2026-02-21T20:11:24 [INFO] recorder.db.repository rid=- segment.created
2026-02-21T20:11:24 [INFO] werkzeug rid=264ad3a0-9e3d-4f7e-9ddc-678d70a6b5e3 127.0.0.1 - - [21/Feb/2026 20:11:24] "GET /api/v1/segments?limit=200 HTTP/1.1" 200 -
2026-02-21T20:11:25 [INFO] faster_whisper rid=- Processing audio with duration 00:03.480
2026-02-21T20:11:27 [INFO] faster_whisper rid=- Processing audio with duration 00:05.490
2026-02-21T20:11:29 [INFO] faster_whisper rid=- Processing audio with duration 00:07.500
2026-02-21T20:11:30 [INFO] recorder.audio.segmenter rid=- vad.silence_flush
2026-02-21T20:11:30 [INFO] recorder.audio.segmenter rid=- segment.saved
2026-02-21T20:11:30 [INFO] recorder.pipeline.processor rid=- processor.transcribing
2026-02-21T20:11:30 [INFO] faster_whisper rid=- Processing audio with duration 00:07.530
2026-02-21T20:11:30 [INFO] recorder.audio.segmenter rid=- vad.speech_detected
2026-02-21T20:11:31 [INFO] recorder.pipeline.processor rid=- processor.transcript
2026-02-21T20:11:31 [INFO] faster_whisper rid=- Processing audio with duration 00:01.020
2026-02-21T20:11:32 [INFO] recorder.db.repository rid=- segment.created
2026-02-21T20:11:32 [INFO] werkzeug rid=acf7600b-ff81-4c91-bf86-95d4238c7f0a 127.0.0.1 - - [21/Feb/2026 20:11:32] "GET /api/v1/segments?limit=200 HTTP/1.1" 200 -
2026-02-21T20:11:33 [INFO] faster_whisper rid=- Processing audio with duration 00:03.030
2026-02-21T20:11:35 [INFO] faster_whisper rid=- Processing audio with duration 00:05.040
2026-02-21T20:11:36 [INFO] recorder.audio.segmenter rid=- vad.silence_flush
2026-02-21T20:11:36 [INFO] recorder.audio.segmenter rid=- segment.saved
2026-02-21T20:11:36 [INFO] recorder.pipeline.processor rid=- processor.transcribing
2026-02-21T20:11:36 [INFO] faster_whisper rid=- Processing audio with duration 00:05.910
2026-02-21T20:11:37 [INFO] recorder.pipeline.processor rid=- processor.transcript
2026-02-21T20:11:39 [INFO] recorder.db.repository rid=- segment.created
2026-02-21T20:11:39 [INFO] werkzeug rid=8d446e66-d6ec-4eef-ac38-1eb9601edb8c 127.0.0.1 - - [21/Feb/2026 20:11:39] "GET /api/v1/segments?limit=200 HTTP/1.1" 200 -
2026-02-21T20:11:47 [INFO] recorder.audio.segmenter rid=- vad.speech_detected
2026-02-21T20:11:48 [INFO] faster_whisper rid=- Processing audio with duration 00:01.020
2026-02-21T20:11:50 [INFO] faster_whisper rid=- Processing audio with duration 00:03.030
2026-02-21T20:11:50 [INFO] recorder.audio.segmenter rid=- vad.silence_flush
2026-02-21T20:11:50 [INFO] recorder.audio.segmenter rid=- segment.saved
2026-02-21T20:11:50 [INFO] recorder.pipeline.processor rid=- processor.transcribing
2026-02-21T20:11:50 [INFO] faster_whisper rid=- Processing audio with duration 00:03.060
2026-02-21T20:11:51 [INFO] recorder.pipeline.processor rid=- processor.empty_transcript
2026-02-21T20:11:56 [INFO] recorder.audio.segmenter rid=- vad.speech_detected
2026-02-21T20:11:57 [INFO] faster_whisper rid=- Processing audio with duration 00:01.020
2026-02-21T20:11:59 [INFO] faster_whisper rid=- Processing audio with duration 00:03.030
2026-02-21T20:12:01 [INFO] recorder.audio.segmenter rid=- vad.silence_flush
2026-02-21T20:12:01 [INFO] recorder.audio.segmenter rid=- segment.saved
2026-02-21T20:12:01 [INFO] recorder.pipeline.processor rid=- processor.transcribing
2026-02-21T20:12:01 [INFO] faster_whisper rid=- Processing audio with duration 00:04.830
2026-02-21T20:12:02 [INFO] recorder.pipeline.processor rid=- processor.empty_transcript
2026-02-21T20:12:03 [INFO] recorder.audio.segmenter rid=- vad.speech_detected
2026-02-21T20:12:04 [INFO] faster_whisper rid=- Processing audio with duration 00:01.020
2026-02-21T20:12:06 [INFO] faster_whisper rid=- Processing audio with duration 00:03.030
2026-02-21T20:12:08 [INFO] faster_whisper rid=- Processing audio with duration 00:05.040
2026-02-21T20:12:09 [INFO] recorder.audio.segmenter rid=- vad.silence_flush
2026-02-21T20:12:09 [INFO] recorder.audio.segmenter rid=- segment.saved
2026-02-21T20:12:09 [INFO] recorder.pipeline.processor rid=- processor.transcribing
2026-02-21T20:12:09 [INFO] faster_whisper rid=- Processing audio with duration 00:05.070
2026-02-21T20:12:10 [INFO] recorder.pipeline.processor rid=- processor.transcript
2026-02-21T20:12:12 [INFO] recorder.db.repository rid=- segment.created
2026-02-21T20:12:12 [INFO] werkzeug rid=007091bf-79fe-4c12-a842-5194962ef3b0 127.0.0.1 - - [21/Feb/2026 20:12:12] "GET /api/v1/segments?limit=200 HTTP/1.1" 200 -
2026-02-21T20:12:14 [INFO] recorder.audio.segmenter rid=- vad.speech_detected
2026-02-21T20:12:15 [INFO] faster_whisper rid=- Processing audio with duration 00:01.020
2026-02-21T20:12:17 [INFO] faster_whisper rid=- Processing audio with duration 00:03.030
2026-02-21T20:12:18 [INFO] recorder.audio.segmenter rid=- vad.silence_flush
2026-02-21T20:12:18 [INFO] recorder.audio.segmenter rid=- segment.saved
2026-02-21T20:12:18 [INFO] recorder.pipeline.processor rid=- processor.transcribing
2026-02-21T20:12:18 [INFO] faster_whisper rid=- Processing audio with duration 00:03.060
2026-02-21T20:12:19 [INFO] recorder.pipeline.processor rid=- processor.transcript
2026-02-21T20:12:21 [INFO] recorder.db.repository rid=- segment.created
2026-02-21T20:12:21 [INFO] werkzeug rid=cee3cbd1-eb7c-4304-abaf-1c6c4f3ebe83 127.0.0.1 - - [21/Feb/2026 20:12:21] "GET /api/v1/segments?limit=200 HTTP/1.1" 200 -
2026-02-21T20:12:23 [INFO] recorder.audio.segmenter rid=- vad.speech_detected
2026-02-21T20:12:24 [INFO] faster_whisper rid=- Processing audio with duration 00:01.020
2026-02-21T20:12:26 [INFO] faster_whisper rid=- Processing audio with duration 00:03.030
2026-02-21T20:12:26 [INFO] recorder.audio.segmenter rid=- vad.silence_flush
2026-02-21T20:12:26 [INFO] recorder.audio.segmenter rid=- segment.saved
2026-02-21T20:12:26 [INFO] recorder.pipeline.processor rid=- processor.transcribing
2026-02-21T20:12:26 [INFO] faster_whisper rid=- Processing audio with duration 00:03.060
2026-02-21T20:12:27 [INFO] recorder.pipeline.processor rid=- processor.empty_transcript
2026-02-21T20:12:35 [INFO] recorder.audio.segmenter rid=- vad.speech_detected
2026-02-21T20:12:36 [INFO] faster_whisper rid=- Processing audio with duration 00:01.020
2026-02-21T20:12:38 [INFO] faster_whisper rid=- Processing audio with duration 00:03.030
2026-02-21T20:12:39 [INFO] recorder.audio.segmenter rid=- vad.silence_flush
2026-02-21T20:12:39 [INFO] recorder.audio.segmenter rid=- segment.saved
2026-02-21T20:12:39 [INFO] recorder.pipeline.processor rid=- processor.transcribing
2026-02-21T20:12:39 [INFO] faster_whisper rid=- Processing audio with duration 00:03.060
2026-02-21T20:12:41 [INFO] recorder.pipeline.processor rid=- processor.transcript
2026-02-21T20:12:43 [INFO] recorder.db.repository rid=- segment.created
2026-02-21T20:12:43 [INFO] werkzeug rid=f88869f3-52fc-4e5b-9b54-9f05de40676c 127.0.0.1 - - [21/Feb/2026 20:12:43] "GET /api/v1/segments?limit=200 HTTP/1.1" 200 -
2026-02-21T20:12:48 [INFO] recorder.audio.segmenter rid=- vad.speech_detected
2026-02-21T20:12:49 [INFO] faster_whisper rid=- Processing audio with duration 00:01.020
2026-02-21T20:12:51 [INFO] faster_whisper rid=- Processing audio with duration 00:03.030
2026-02-21T20:12:53 [INFO] faster_whisper rid=- Processing audio with duration 00:05.040
2026-02-21T20:12:54 [INFO] recorder.audio.segmenter rid=- vad.silence_flush
2026-02-21T20:12:54 [INFO] recorder.audio.segmenter rid=- segment.saved
2026-02-21T20:12:54 [INFO] recorder.pipeline.processor rid=- processor.transcribing
2026-02-21T20:12:54 [INFO] faster_whisper rid=- Processing audio with duration 00:05.040
2026-02-21T20:12:56 [INFO] recorder.pipeline.processor rid=- processor.transcript
2026-02-21T20:12:58 [INFO] recorder.db.repository rid=- segment.created
2026-02-21T20:12:58 [INFO] werkzeug rid=4f0d6ffe-0b1d-45a8-8598-8d7efafd8214 127.0.0.1 - - [21/Feb/2026 20:12:58] "GET /api/v1/segments?limit=200 HTTP/1.1" 200 -
2026-02-21T20:12:58 [INFO] recorder.audio.segmenter rid=- vad.speech_detected
2026-02-21T20:12:59 [INFO] faster_whisper rid=- Processing audio with duration 00:01.020
2026-02-21T20:13:01 [INFO] faster_whisper rid=- Processing audio with duration 00:03.030
2026-02-21T20:13:03 [INFO] faster_whisper rid=- Processing audio with duration 00:05.040
2026-02-21T20:13:06 [INFO] faster_whisper rid=- Processing audio with duration 00:05.070
2026-02-21T20:13:09 [INFO] recorder.audio.segmenter rid=- vad.silence_flush
2026-02-21T20:13:09 [INFO] recorder.audio.segmenter rid=- segment.saved
2026-02-21T20:13:09 [INFO] recorder.audio.segmenter rid=- vad.speech_detected
2026-02-21T20:13:09 [INFO] faster_whisper rid=- Processing audio with duration 00:01.020
2026-02-21T20:13:09 [INFO] recorder.pipeline.processor rid=- processor.transcribing
2026-02-21T20:13:09 [INFO] faster_whisper rid=- Processing audio with duration 00:05.070
2026-02-21T20:13:11 [INFO] faster_whisper rid=- Processing audio with duration 00:03.600
2026-02-21T20:13:11 [INFO] recorder.pipeline.processor rid=- processor.transcript
2026-02-21T20:13:13 [INFO] faster_whisper rid=- Processing audio with duration 00:05.610
2026-02-21T20:13:14 [INFO] recorder.db.repository rid=- segment.created
2026-02-21T20:13:14 [INFO] werkzeug rid=75a854bc-d56c-4a62-a88b-9242131cb440 127.0.0.1 - - [21/Feb/2026 20:13:14] "GET /api/v1/segments?limit=200 HTTP/1.1" 200 -
2026-02-21T20:13:15 [INFO] recorder.audio.segmenter rid=- vad.silence_flush
2026-02-21T20:13:15 [INFO] recorder.audio.segmenter rid=- segment.saved
2026-02-21T20:13:15 [INFO] recorder.pipeline.processor rid=- processor.transcribing
2026-02-21T20:13:15 [INFO] faster_whisper rid=- Processing audio with duration 00:07.530
2026-02-21T20:13:17 [INFO] recorder.pipeline.processor rid=- processor.transcript
2026-02-21T20:13:19 [INFO] recorder.db.repository rid=- segment.created
2026-02-21T20:13:19 [INFO] werkzeug rid=c7524e95-9454-4da2-9a86-117af4c8b037 127.0.0.1 - - [21/Feb/2026 20:13:19] "GET /api/v1/segments?limit=200 HTTP/1.1" 200 -
2026-02-21T20:13:56 [INFO] recorder.audio.segmenter rid=- vad.speech_detected
2026-02-21T20:13:57 [INFO] faster_whisper rid=- Processing audio with duration 00:01.020
2026-02-21T20:13:59 [INFO] faster_whisper rid=- Processing audio with duration 00:03.030
2026-02-21T20:14:00 [INFO] recorder.audio.segmenter rid=- vad.silence_flush
2026-02-21T20:14:00 [INFO] recorder.audio.segmenter rid=- segment.saved
2026-02-21T20:14:00 [INFO] recorder.audio.segmenter rid=- vad.speech_detected
2026-02-21T20:14:00 [INFO] recorder.pipeline.processor rid=- processor.transcribing
2026-02-21T20:14:00 [INFO] faster_whisper rid=- Processing audio with duration 00:03.060
2026-02-21T20:14:01 [INFO] recorder.pipeline.processor rid=- processor.empty_transcript
2026-02-21T20:14:01 [INFO] faster_whisper rid=- Processing audio with duration 00:01.560
2026-02-21T20:14:03 [INFO] faster_whisper rid=- Processing audio with duration 00:03.570
2026-02-21T20:14:05 [INFO] faster_whisper rid=- Processing audio with duration 00:05.580
2026-02-21T20:14:09 [INFO] faster_whisper rid=- Processing audio with duration 00:05.610
2026-02-21T20:14:11 [INFO] recorder.audio.segmenter rid=- vad.silence_flush
2026-02-21T20:14:11 [INFO] recorder.audio.segmenter rid=- segment.saved
2026-02-21T20:14:11 [INFO] recorder.audio.segmenter rid=- vad.speech_detected
2026-02-21T20:14:11 [INFO] recorder.pipeline.processor rid=- processor.transcribing
2026-02-21T20:14:11 [INFO] faster_whisper rid=- Processing audio with duration 00:05.610
2026-02-21T20:14:11 [INFO] faster_whisper rid=- Processing audio with duration 00:05.520
2026-02-21T20:14:13 [INFO] faster_whisper rid=- Processing audio with duration 00:07.530
2026-02-21T20:14:15 [INFO] recorder.pipeline.processor rid=- processor.transcript
2026-02-21T20:14:15 [INFO] faster_whisper rid=- Processing audio with duration 00:09.540
2026-02-21T20:14:17 [INFO] recorder.db.repository rid=- segment.created
2026-02-21T20:14:17 [INFO] werkzeug rid=f4b34fcb-0733-4c4d-954c-29a22c83ab9b 127.0.0.1 - - [21/Feb/2026 20:14:17] "GET /api/v1/segments?limit=200 HTTP/1.1" 200 -
2026-02-21T20:14:17 [INFO] recorder.audio.segmenter rid=- vad.silence_flush
2026-02-21T20:14:17 [INFO] recorder.audio.segmenter rid=- segment.saved
2026-02-21T20:14:17 [INFO] recorder.pipeline.processor rid=- processor.transcribing
2026-02-21T20:14:17 [INFO] faster_whisper rid=- Processing audio with duration 00:09.570
2026-02-21T20:14:19 [INFO] recorder.audio.segmenter rid=- vad.speech_detected
2026-02-21T20:14:20 [INFO] faster_whisper rid=- Processing audio with duration 00:01.020
2026-02-21T20:14:22 [INFO] faster_whisper rid=- Processing audio with duration 00:03.030
2026-02-21T20:14:22 [INFO] recorder.pipeline.processor rid=- processor.transcript
2026-02-21T20:14:23 [INFO] recorder.db.repository rid=- segment.created
2026-02-21T20:14:23 [INFO] werkzeug rid=25bcbdb0-6d82-4b4f-8ac5-2dcc01a7a207 127.0.0.1 - - [21/Feb/2026 20:14:23] "GET /api/v1/segments?limit=200 HTTP/1.1" 200 -
2026-02-21T20:14:24 [INFO] faster_whisper rid=- Processing audio with duration 00:05.040
2026-02-21T20:14:26 [INFO] faster_whisper rid=- Processing audio with duration 00:07.050
2026-02-21T20:14:28 [INFO] faster_whisper rid=- Processing audio with duration 00:09.060
2026-02-21T20:14:30 [INFO] faster_whisper rid=- Processing audio with duration 00:11.070
2026-02-21T20:14:32 [INFO] faster_whisper rid=- Processing audio with duration 00:13.080
2026-02-21T20:14:32 [INFO] recorder.audio.segmenter rid=- vad.silence_flush
2026-02-21T20:14:32 [INFO] recorder.audio.segmenter rid=- segment.saved
2026-02-21T20:14:32 [INFO] recorder.audio.segmenter rid=- vad.speech_detected
2026-02-21T20:14:32 [INFO] recorder.pipeline.processor rid=- processor.transcribing
2026-02-21T20:14:32 [INFO] faster_whisper rid=- Processing audio with duration 00:13.110
2026-02-21T20:14:33 [INFO] recorder.pipeline.processor rid=- processor.transcript
2026-02-21T20:14:34 [INFO] faster_whisper rid=- Processing audio with duration 00:01.890
2026-02-21T20:14:35 [INFO] recorder.db.repository rid=- segment.created
2026-02-21T20:14:35 [INFO] werkzeug rid=12765933-8268-4d6c-ba5f-424751368c03 127.0.0.1 - - [21/Feb/2026 20:14:35] "GET /api/v1/segments?limit=200 HTTP/1.1" 200 -
2026-02-21T20:14:35 [INFO] recorder.audio.segmenter rid=- vad.silence_flush
2026-02-21T20:14:35 [INFO] recorder.audio.segmenter rid=- segment.saved
2026-02-21T20:14:35 [INFO] recorder.pipeline.processor rid=- processor.transcribing
2026-02-21T20:14:35 [INFO] faster_whisper rid=- Processing audio with duration 00:03.720
2026-02-21T20:14:36 [INFO] recorder.pipeline.processor rid=- processor.empty_transcript
2026-02-21T20:14:39 [INFO] recorder.audio.segmenter rid=- vad.speech_detected
2026-02-21T20:14:40 [INFO] faster_whisper rid=- Processing audio with duration 00:01.020
2026-02-21T20:14:42 [INFO] faster_whisper rid=- Processing audio with duration 00:03.030
2026-02-21T20:14:43 [INFO] recorder.audio.segmenter rid=- vad.silence_flush
2026-02-21T20:14:43 [INFO] recorder.audio.segmenter rid=- segment.saved
2026-02-21T20:14:43 [INFO] recorder.audio.segmenter rid=- vad.speech_detected
2026-02-21T20:14:43 [INFO] recorder.pipeline.processor rid=- processor.transcribing
2026-02-21T20:14:43 [INFO] faster_whisper rid=- Processing audio with duration 00:03.060
2026-02-21T20:14:44 [INFO] recorder.pipeline.processor rid=- processor.transcript
2026-02-21T20:14:44 [INFO] faster_whisper rid=- Processing audio with duration 00:01.860
2026-02-21T20:14:45 [INFO] recorder.db.repository rid=- segment.created
2026-02-21T20:14:45 [INFO] werkzeug rid=0652e148-550d-46f2-8c6f-f36fb198e11b 127.0.0.1 - - [21/Feb/2026 20:14:45] "GET /api/v1/segments?limit=200 HTTP/1.1" 200 -
2026-02-21T20:14:46 [INFO] recorder.audio.segmenter rid=- vad.silence_flush
2026-02-21T20:14:46 [INFO] recorder.audio.segmenter rid=- segment.saved
2026-02-21T20:14:46 [INFO] recorder.pipeline.processor rid=- processor.transcribing
2026-02-21T20:14:46 [INFO] faster_whisper rid=- Processing audio with duration 00:03.660
2026-02-21T20:14:47 [INFO] recorder.pipeline.processor rid=- processor.transcript
2026-02-21T20:14:48 [INFO] recorder.db.repository rid=- segment.created
2026-02-21T20:14:48 [INFO] werkzeug rid=e78312ef-9790-4a68-b4e8-acbb925f4bd0 127.0.0.1 - - [21/Feb/2026 20:14:48] "GET /api/v1/segments?limit=200 HTTP/1.1" 200 -
2026-02-21T20:15:09 [INFO] recorder.audio.segmenter rid=- vad.speech_detected
2026-02-21T20:15:10 [INFO] faster_whisper rid=- Processing audio with duration 00:01.020
2026-02-21T20:15:12 [INFO] faster_whisper rid=- Processing audio with duration 00:03.030
2026-02-21T20:15:12 [INFO] recorder.audio.segmenter rid=- vad.silence_flush
2026-02-21T20:15:12 [INFO] recorder.audio.segmenter rid=- segment.saved
2026-02-21T20:15:12 [INFO] recorder.pipeline.processor rid=- processor.transcribing
2026-02-21T20:15:12 [INFO] faster_whisper rid=- Processing audio with duration 00:03.060
2026-02-21T20:15:13 [INFO] recorder.audio.segmenter rid=- vad.speech_detected
2026-02-21T20:15:14 [INFO] faster_whisper rid=- Processing audio with duration 00:01.110
2026-02-21T20:15:15 [INFO] recorder.pipeline.processor rid=- processor.transcript
2026-02-21T20:15:16 [INFO] faster_whisper rid=- Processing audio with duration 00:03.120
2026-02-21T20:15:16 [INFO] recorder.audio.segmenter rid=- vad.silence_flush
2026-02-21T20:15:16 [INFO] recorder.audio.segmenter rid=- segment.saved
2026-02-21T20:15:17 [INFO] recorder.db.repository rid=- segment.created
2026-02-21T20:15:17 [INFO] recorder.pipeline.processor rid=- processor.transcribing
2026-02-21T20:15:17 [INFO] werkzeug rid=03488c8b-5367-4ed0-affc-0c3e46ac7adc 127.0.0.1 - - [21/Feb/2026 20:15:17] "GET /api/v1/segments?limit=200 HTTP/1.1" 200 -
2026-02-21T20:15:17 [INFO] faster_whisper rid=- Processing audio with duration 00:03.150
2026-02-21T20:15:20 [INFO] recorder.pipeline.processor rid=- processor.transcript
2026-02-21T20:15:24 [INFO] recorder.audio.segmenter rid=- vad.speech_detected
2026-02-21T20:15:25 [INFO] faster_whisper rid=- Processing audio with duration 00:01.020
2026-02-21T20:15:27 [INFO] faster_whisper rid=- Processing audio with duration 00:03.030
2026-02-21T20:15:29 [INFO] faster_whisper rid=- Processing audio with duration 00:05.040
2026-02-21T20:15:31 [INFO] faster_whisper rid=- Processing audio with duration 00:07.050
2026-02-21T20:15:33 [INFO] faster_whisper rid=- Processing audio with duration 00:09.060
2026-02-21T20:15:35 [INFO] recorder.db.repository rid=- segment.created
2026-02-21T20:15:35 [INFO] werkzeug rid=5fd063ac-fde7-4182-b919-d1c217671ca9 127.0.0.1 - - [21/Feb/2026 20:15:35] "GET /api/v1/segments?limit=200 HTTP/1.1" 200 -
2026-02-21T20:15:37 [INFO] faster_whisper rid=- Processing audio with duration 00:09.090
2026-02-21T20:15:39 [INFO] recorder.pipeline.processor rid=2c7b3a75-005c-4afe-b1ae-4e4660469e10 pipeline.stopping
2026-02-21T20:15:39 [INFO] recorder.audio.capture rid=- audio_capture.stopped
2026-02-21T20:15:39 [INFO] recorder.audio.segmenter rid=- vad.silence_flush
2026-02-21T20:15:39 [INFO] recorder.audio.segmenter rid=- segment.saved
2026-02-21T20:15:39 [INFO] recorder.audio.segmenter rid=- segmenter.stopped
2026-02-21T20:15:39 [INFO] recorder.pipeline.processor rid=- processor.transcribing
2026-02-21T20:15:39 [INFO] faster_whisper rid=- Processing audio with duration 00:09.090
2026-02-21T20:15:41 [INFO] recorder.pipeline.hourly rid=- hourly_worker.stopped
2026-02-21T20:15:41 [INFO] recorder.pipeline.processor rid=- processor.transcript
2026-02-21T20:15:42 [INFO] recorder.pipeline.processor rid=2c7b3a75-005c-4afe-b1ae-4e4660469e10 pipeline.stopped
2026-02-21T20:15:42 [INFO] recorder.api.routes.recordings rid=2c7b3a75-005c-4afe-b1ae-4e4660469e10 recording.stopped
2026-02-21T20:15:42 [INFO] werkzeug rid=2c7b3a75-005c-4afe-b1ae-4e4660469e10 127.0.0.1 - - [21/Feb/2026 20:15:42] "POST /api/v1/recordings/stop HTTP/1.1" 200 -
2026-02-21T20:15:42 [INFO] werkzeug rid=1d37bae9-550c-495a-b6b7-ba5864d49114 127.0.0.1 - - [21/Feb/2026 20:15:42] "GET /api/v1/recordings/status HTTP/1.1" 200 -
2026-02-21T20:15:43 [INFO] recorder.db.repository rid=- segment.created
2026-02-21T20:15:43 [INFO] recorder.pipeline.processor rid=- processor.stopped
2026-02-21T20:15:43 [INFO] werkzeug rid=b8a4a3d8-3fab-45f9-a50f-b60d0160aa18 127.0.0.1 - - [21/Feb/2026 20:15:43] "GET /api/v1/segments?limit=200 HTTP/1.1" 200 -
2026-02-21T20:15:50 [WARNING] __main__ rid=- RECORDER_API_KEY is not set — all API endpoints are open. Set RECORDER_API_KEY in .env to enable authentication.
2026-02-21T20:15:51 [WARNING] __main__ rid=- port.in_use
2026-02-21T20:15:51 [INFO] __main__ rid=- flask.starting
2026-02-21T20:15:51 [INFO] werkzeug rid=- [31m[1mWARNING: This is a development server. Do not use it in a production deployment. Use a production WSGI server instead.[0m
 * Running on http://127.0.0.1:5001
2026-02-21T20:15:51 [INFO] werkzeug rid=- [33mPress CTRL+C to quit[0m
2026-02-21T20:15:52 [INFO] werkzeug rid=- 127.0.0.1 - - [21/Feb/2026 20:15:52] "GET / HTTP/1.1" 200 -
2026-02-21T20:15:52 [INFO] werkzeug rid=f14c94a0-2377-487f-86f0-c079ab2ddea2 127.0.0.1 - - [21/Feb/2026 20:15:52] "GET /api/v1/health HTTP/1.1" 200 -
2026-02-21T20:15:52 [INFO] werkzeug rid=7f9b6077-aabe-4d63-b2bf-9ab5e86cebc1 127.0.0.1 - - [21/Feb/2026 20:15:52] "GET /api/v1/recordings/status HTTP/1.1" 200 -
2026-02-21T20:15:52 [INFO] werkzeug rid=c629a8a8-92c1-4dcb-8a17-ef31e64d68a2 127.0.0.1 - - [21/Feb/2026 20:15:52] "GET /api/v1/stream HTTP/1.1" 200 -
2026-02-21T20:15:52 [INFO] werkzeug rid=8ddf4825-ec9a-4faa-80c5-edf1b48a52df 127.0.0.1 - - [21/Feb/2026 20:15:52] "GET /api/v1/segments?limit=200 HTTP/1.1" 200 -
2026-02-21T20:16:08 [INFO] werkzeug rid=6c04cd26-9654-4fde-8213-7c8a5e979379 127.0.0.1 - - [21/Feb/2026 20:16:08] "GET /api/v1/export?format=json&start=2026-01-01T00:00:00&end=2026-02-22T23:59:59 HTTP/1.1" 200 -
